[04:12:38] [main/INFO]: Loading Minecraft 1.21.1 with Fabric Loader 0.18.2
[04:12:38] [main/INFO]: Fabric is preparing JARs on first launch, this may take a few seconds...
[04:12:39] [main/INFO]: Loading 4 mods:
	- fabricloader 0.18.2
	   \-- mixinextras 0.5.0
	- java 21
	- minecraft 1.21.1
[04:12:39] [main/INFO]: SpongePowered MIXIN Subsystem Version=0.8.7 Source=file:/workspaces/COBLEMON-NUEVO/servidor_minecraft/libraries/net/fabricmc/sponge-mixin/0.16.5+mixin.0.8.7/sponge-mixin-0.16.5+mixin.0.8.7.jar Service=Knot/Fabric Env=SERVER
[04:12:45] [main/INFO]: Environment: Environment[sessionHost=https://sessionserver.mojang.com, servicesHost=https://api.minecraftservices.com, name=PROD]
[04:12:45] [main/INFO]: No existing world data, creating new world
[04:12:46] [main/INFO]: Loaded 1290 recipes
[04:12:46] [main/INFO]: Loaded 1399 advancements
[04:12:47] [Server thread/INFO]: Starting minecraft server version 1.21.1
[04:12:47] [Server thread/INFO]: Loading properties
[04:12:47] [Server thread/INFO]: Default game type: SURVIVAL
[04:12:47] [Server thread/INFO]: Generating keypair
[04:12:47] [Server thread/INFO]: Starting Minecraft server on *:25565
[04:12:47] [Server thread/INFO]: Using epoll channel type
[04:12:47] [Server thread/WARN]: **** SERVER IS RUNNING IN OFFLINE/INSECURE MODE!
[04:12:47] [Server thread/WARN]: The server will make no attempt to authenticate usernames. Beware.
[04:12:47] [Server thread/WARN]: While this makes the game possible to play without internet access, it also opens up the ability for hackers to connect with any username they choose.
[04:12:47] [Server thread/WARN]: To change this, set "online-mode" to "true" in the server.properties file.
[04:12:47] [Server thread/INFO]: Preparing level "world"
[04:12:53] [Server thread/INFO]: Preparing start region for dimension minecraft:overworld
[04:12:53] [Worker-Main-3/INFO]: Preparing spawn area: 2%
[04:12:54] [Worker-Main-2/INFO]: Preparing spawn area: 2%
[04:12:54] [Worker-Main-2/INFO]: Preparing spawn area: 2%
[04:12:55] [Worker-Main-2/INFO]: Preparing spawn area: 2%
[04:12:55] [Worker-Main-3/INFO]: Preparing spawn area: 18%
[04:12:56] [Worker-Main-1/INFO]: Preparing spawn area: 18%
[04:12:56] [Worker-Main-1/INFO]: Preparing spawn area: 18%
[04:12:57] [Worker-Main-3/INFO]: Preparing spawn area: 30%
[04:12:57] [Worker-Main-2/INFO]: Preparing spawn area: 51%
[04:12:58] [Worker-Main-2/INFO]: Preparing spawn area: 51%
[04:12:58] [Worker-Main-3/INFO]: Preparing spawn area: 75%
[04:12:58] [Server thread/INFO]: Time elapsed: 5070 ms
[04:12:58] [Server thread/INFO]: Done (11.306s)! For help, type "help"
[04:14:05] [Server thread/INFO]: Unknown or incomplete command, see below for error
[04:14:05] [Server thread/INFO]: 17d709436c03725dstop<--[HERE]
